{
  "RSpec": {
    "coverage": {
      "/home/konstaku/Documents/Omnistrim/app/models/user.rb": [
        1,
        1,
        1,
        1,
        1,
        1,
        1,
        1,
        null
      ],
      "/home/konstaku/Documents/Omnistrim/app/models/stream.rb": [
        1,
        1,
        1,
        1,
        null
      ],
      "/home/konstaku/Documents/Omnistrim/app/helpers/application_helper.rb": [
        1,
        null
      ],
      "/home/konstaku/Documents/Omnistrim/app/helpers/favorites_helper.rb": [
        1,
        null
      ],
      "/home/konstaku/Documents/Omnistrim/app/helpers/memberships_helper.rb": [
        1,
        null
      ],
      "/home/konstaku/Documents/Omnistrim/app/helpers/messages_helper.rb": [
        1,
        null
      ],
      "/home/konstaku/Documents/Omnistrim/app/helpers/societies_helper.rb": [
        1,
        null
      ],
      "/home/konstaku/Documents/Omnistrim/app/controllers/session_controller.rb": [
        1,
        1,
        null,
        1,
        4,
        null,
        null,
        1,
        0,
        0,
        0,
        null,
        null,
        1,
        0,
        0,
        0,
        0,
        0,
        0,
        null,
        null,
        1,
        0,
        0,
        0,
        0,
        0,
        0,
        0,
        0,
        0,
        null,
        0,
        0,
        null,
        null,
        null,
        null,
        null,
        1,
        4,
        4,
        4,
        4,
        null,
        0,
        null,
        null,
        null,
        1,
        1,
        1,
        null,
        null
      ],
      "/home/konstaku/Documents/Omnistrim/app/controllers/application_controller.rb": [
        1,
        1,
        1,
        null,
        1,
        247,
        202,
        null,
        null,
        1,
        5,
        5,
        5,
        1,
        1,
        null,
        null,
        5,
        1,
        null,
        5,
        null,
        null,
        1,
        5,
        null,
        null,
        1,
        4,
        null,
        null
      ],
      "/home/konstaku/Documents/Omnistrim/app/controllers/users_controller.rb": [
        1,
        1,
        null,
        null,
        null,
        1,
        2,
        2,
        2,
        1,
        2,
        1,
        null,
        2,
        1,
        null,
        null,
        null,
        null,
        1,
        8,
        8,
        8,
        null,
        null,
        1,
        null,
        1,
        0,
        null,
        null,
        null
      ],
      "/home/konstaku/Documents/Omnistrim/app/models/message.rb": [
        1,
        1,
        1,
        null
      ],
      "/home/konstaku/Documents/Omnistrim/app/models/favorite.rb": [
        1,
        1,
        1,
        null
      ],
      "/home/konstaku/Documents/Omnistrim/app/controllers/streams_controller.rb": [
        1,
        1,
        null,
        1,
        1,
        1,
        null,
        null,
        1,
        11,
        11,
        11,
        2,
        2,
        1,
        1,
        null,
        null,
        10,
        null,
        null,
        1,
        10,
        4,
        4,
        1,
        1,
        null,
        4,
        1,
        1,
        null,
        4,
        1,
        1,
        null,
        null,
        null,
        null,
        1,
        2,
        2,
        2,
        2,
        2,
        1,
        null,
        2,
        2,
        null,
        null,
        0,
        null,
        null,
        null,
        1,
        0,
        null,
        0,
        0,
        0,
        0,
        null,
        0,
        0,
        null,
        null,
        null,
        null,
        1,
        null,
        1,
        0,
        null,
        null,
        null,
        1,
        0,
        null,
        null
      ],
      "/home/konstaku/Documents/Omnistrim/app/models/membership.rb": [
        1,
        1,
        1,
        null
      ],
      "/home/konstaku/Documents/Omnistrim/app/models/society.rb": [
        1,
        1,
        1,
        1,
        1,
        1,
        1,
        1,
        1,
        1,
        null
      ],
      "/home/konstaku/Documents/Omnistrim/app/controllers/favorites_controller.rb": [
        1,
        1,
        null,
        1,
        2,
        2,
        null,
        2,
        2,
        2,
        null,
        null,
        null,
        null,
        1,
        1,
        1,
        null,
        1,
        1,
        null,
        null
      ],
      "/home/konstaku/Documents/Omnistrim/app/controllers/societies_controller.rb": [
        1,
        1,
        1,
        null,
        null,
        1,
        2,
        null,
        null,
        null,
        1,
        0,
        0,
        0,
        0,
        null,
        null,
        null,
        1,
        0,
        0,
        null,
        null,
        null,
        1,
        0,
        null,
        null,
        null,
        1,
        0,
        0,
        null,
        0,
        0,
        0,
        null,
        0,
        null,
        null,
        null,
        null,
        1,
        0,
        0,
        null,
        0,
        null,
        null,
        null,
        null,
        1,
        0,
        0,
        null,
        null,
        1,
        null,
        1,
        0,
        null,
        null,
        null,
        1,
        0,
        null,
        null
      ],
      "/home/konstaku/Documents/Omnistrim/app/controllers/messages_controller.rb": [
        0,
        0,
        0,
        0,
        0,
        0,
        0,
        0,
        0,
        0,
        0,
        0,
        0,
        0,
        0,
        0,
        0,
        0,
        0,
        0,
        0,
        0,
        0,
        0,
        0,
        0,
        0,
        0,
        0,
        0,
        0,
        0,
        0,
        0,
        0,
        0,
        0,
        0,
        0,
        0,
        0,
        0,
        0,
        0,
        0,
        0
      ],
      "/home/konstaku/Documents/Omnistrim/app/controllers/logs_controller.rb": [
        0,
        0,
        0,
        0,
        0,
        0,
        0,
        0,
        0,
        0,
        0,
        0,
        0,
        0,
        0,
        0,
        0,
        0,
        0,
        0,
        0,
        0,
        0,
        0,
        0
      ],
      "/home/konstaku/Documents/Omnistrim/app/controllers/memberships_controller.rb": [
        0,
        0,
        0,
        0,
        0,
        0,
        0,
        0,
        0,
        0,
        0,
        0,
        0,
        0,
        0,
        0,
        0,
        0,
        0,
        0,
        0
      ]
    },
    "timestamp": 1463165232
  }
}
